SwitchButton/build/outputs/logs/manifest-merger-debug-report.txt
-- Merging decision tree log ---
manifest
ADDED from AnJianSuCai/SwitchButton/AndroidManifest.xml:2:1-5:12
INJECTED from AnJianSuCai/SwitchButton/AndroidManifest.xml:2:1-5:12
INJECTED from AnJianSuCai/SwitchButton/AndroidManifest.xml:2:1-5:12
	package
		ADDED from AnJianSuCai/SwitchButton/AndroidManifest.xml:3:5-35
		INJECTED from AnJianSuCai/SwitchButton/AndroidManifest.xml
		INJECTED from AnJianSuCai/SwitchButton/AndroidManifest.xml
	xmlns:android
		ADDED from AnJianSuCai/SwitchButton/AndroidManifest.xml:2:11-69
uses-sdk
INJECTED from AnJianSuCai/SwitchButton/AndroidManifest.xml reason: use-sdk injection requested
INJECTED from AnJianSuCai/SwitchButton/AndroidManifest.xml
INJECTED from AnJianSuCai/SwitchButton/AndroidManifest.xml
INJECTED from AnJianSuCai/SwitchButton/AndroidManifest.xml
INJECTED from AnJianSuCai/SwitchButton/AndroidManifest.xml
	android:targetSdkVersion
		INJECTED from AnJianSuCai/SwitchButton/AndroidManifest.xml
		ADDED from AnJianSuCai/SwitchButton/AndroidManifest.xml
		INJECTED from AnJianSuCai/SwitchButton/AndroidManifest.xml
	android:minSdkVersion
		INJECTED from AnJianSuCai/SwitchButton/AndroidManifest.xml
		ADDED from AnJianSuCai/SwitchButton/AndroidManifest.xml
		INJECTED from AnJianSuCai/SwitchButton/AndroidManifest.xml